<?xml version="1.0" encoding="UTF-8"?>
<testsuite name="HelloWorldTest" tests="1" skipped="0" failures="0" errors="0" timestamp="2023-01-10T00:34:56" hostname="DESKTOP-IE68RNB" time="0.042">
  <properties/>
  <testcase name="helloWorldTest" classname="HelloWorldTest" time="0.042"/>
  <system-out><![CDATA[]]></system-out>
  <system-err><![CDATA[]]></system-err>
</testsuite>
