<?xml version="1.0" encoding="UTF-8"?>
<testsuite name="PangramTest" tests="10" skipped="0" failures="0" errors="0" timestamp="2023-03-16T07:51:31" hostname="greatgrant-Latitude-E5430-non-vPro" time="0.138">
  <properties/>
  <testcase name="missingTheLetterH" classname="PangramTest" time="0.116"/>
  <testcase name="missingTheLetterX" classname="PangramTest" time="0.001"/>
  <testcase name="emptySentence" classname="PangramTest" time="0.002"/>
  <testcase name="missingLettersReplacedByNumbers" classname="PangramTest" time="0.001"/>
  <testcase name="withNumbers" classname="PangramTest" time="0.001"/>
  <testcase name="mixedCaseAndPunctuation" classname="PangramTest" time="0.001"/>
  <testcase name="caseInsensitive" classname="PangramTest" time="0.001"/>
  <testcase name="withUnderscores" classname="PangramTest" time="0.001"/>
  <testcase name="onlyLowerCase" classname="PangramTest" time="0.001"/>
  <testcase name="perfectLowerCase" classname="PangramTest" time="0.002"/>
  <system-out><![CDATA[]]></system-out>
  <system-err><![CDATA[]]></system-err>
</testsuite>
