<?xml version="1.0" encoding="UTF-8"?>
<testsuite name="SquaresTest" tests="9" skipped="8" failures="0" errors="0" timestamp="2023-03-15T14:56:23" hostname="greatgrant-Latitude-E5430-non-vPro" time="0.045">
  <properties/>
  <testcase name="squareOfSum100" classname="SquaresTest" time="0.005">
    <skipped/>
  </testcase>
  <testcase name="squareOfSum1" classname="SquaresTest" time="0.03"/>
  <testcase name="squareOfSum5" classname="SquaresTest" time="0.0">
    <skipped/>
  </testcase>
  <testcase name="sumOfSquares100" classname="SquaresTest" time="0.0">
    <skipped/>
  </testcase>
  <testcase name="differenceOfSquares1" classname="SquaresTest" time="0.001">
    <skipped/>
  </testcase>
  <testcase name="differenceOfSquares5" classname="SquaresTest" time="0.0">
    <skipped/>
  </testcase>
  <testcase name="differenceOfSquares100" classname="SquaresTest" time="0.0">
    <skipped/>
  </testcase>
  <testcase name="sumOfSquares1" classname="SquaresTest" time="0.0">
    <skipped/>
  </testcase>
  <testcase name="sumOfSquares5" classname="SquaresTest" time="0.0">
    <skipped/>
  </testcase>
  <system-out><![CDATA[]]></system-out>
  <system-err><![CDATA[]]></system-err>
</testsuite>
